# JRE version: Java(TM) SE Runtime Environment (8.0_144-b01) (build 1.8.0_144-b01)
# Java VM: Java HotSpot(TM) 64-Bit Server VM (25.144-b01 mixed mode windows-amd64 compressed oops)
Heap:
 PSYoungGen      total 37888K, used 23087K [0x00000000d6180000, 0x00000000d8b80000, 0x0000000100000000)
  eden space 32768K, 54% used [0x00000000d6180000,0x00000000d730ee10,0x00000000d8180000)
  from space 5120K, 99% used [0x00000000d8180000,0x00000000d867cf00,0x00000000d8680000)
  to   space 5120K, 99% used [0x00000000d8680000,0x00000000d8b7c3b8,0x00000000d8b80000)
 ParOldGen       total 86016K, used 4830K [0x0000000082400000, 0x0000000087800000, 0x00000000d6180000)
  object space 86016K, 5% used [0x0000000082400000,0x00000000828b7ae0,0x0000000087800000)
 Metaspace       used 20305K, capacity 21209K, committed 21296K, reserved 1073152K
  class space    used 2845K, capacity 3084K, committed 3120K, reserved 1048576K
GC Heap History (3 events):
Event: 2.449 GC heap before
{Heap before GC invocations=1 (full 0):
 PSYoungGen      total 37888K, used 32768K [0x00000000d6180000, 0x00000000d8b80000, 0x0000000100000000)
  eden space 32768K, 100% used [0x00000000d6180000,0x00000000d8180000,0x00000000d8180000)
  from space 5120K, 0% used [0x00000000d8680000,0x00000000d8680000,0x00000000d8b80000)
  to   space 5120K, 0% used [0x00000000d8180000,0x00000000d8180000,0x00000000d8680000)
 ParOldGen       total 86016K, used 0K [0x0000000082400000, 0x0000000087800000, 0x00000000d6180000)
  object space 86016K, 0% used [0x0000000082400000,0x0000000082400000,0x0000000087800000)
 Metaspace       used 15157K, capacity 15726K, committed 15872K, reserved 1062912K
  class space    used 2056K, capacity 2234K, committed 2304K, reserved 1048576K
Event: 2.454 GC heap after
Heap after GC invocations=1 (full 0):
 PSYoungGen      total 37888K, used 5107K [0x00000000d6180000, 0x00000000d8b80000, 0x0000000100000000)
  eden space 32768K, 0% used [0x00000000d6180000,0x00000000d6180000,0x00000000d8180000)
  from space 5120K, 99% used [0x00000000d8180000,0x00000000d867cf00,0x00000000d8680000)
  to   space 5120K, 0% used [0x00000000d8680000,0x00000000d8680000,0x00000000d8b80000)
 ParOldGen       total 86016K, used 840K [0x0000000082400000, 0x0000000087800000, 0x00000000d6180000)
  object space 86016K, 0% used [0x0000000082400000,0x00000000824d20a0,0x0000000087800000)
 Metaspace       used 15157K, capacity 15726K, committed 15872K, reserved 1062912K
  class space    used 2056K, capacity 2234K, committed 2304K, reserved 1048576K
}
Event: 2.767 GC heap before
{Heap before GC invocations=2 (full 0):
 PSYoungGen      total 37888K, used 23087K [0x00000000d6180000, 0x00000000d8b80000, 0x0000000100000000)
  eden space 32768K, 54% used [0x00000000d6180000,0x00000000d730ee10,0x00000000d8180000)
  from space 5120K, 99% used [0x00000000d8180000,0x00000000d867cf00,0x00000000d8680000)
  to   space 5120K, 0% used [0x00000000d8680000,0x00000000d8680000,0x00000000d8b80000)
 ParOldGen       total 86016K, used 840K [0x0000000082400000, 0x0000000087800000, 0x00000000d6180000)
  object space 86016K, 0% used [0x0000000082400000,0x00000000824d20a0,0x0000000087800000)
 Metaspace       used 20305K, capacity 21209K, committed 21296K, reserved 1073152K
  class space    used 2845K, capacity 3084K, committed 3120K, reserved 1048576K

