# JRE version: Java(TM) SE Runtime Environment (8.0_144-b01) (build 1.8.0_144-b01)
# Java VM: Java HotSpot(TM) 64-Bit Server VM (25.144-b01 mixed mode windows-amd64 compressed oops)
Heap:
 PSYoungGen      total 37888K, used 27440K [0x00000000d6180000, 0x00000000d8b80000, 0x0000000100000000)
  eden space 32768K, 68% used [0x00000000d6180000,0x00000000d774fb20,0x00000000d8180000)
  from space 5120K, 99% used [0x00000000d8180000,0x00000000d867c540,0x00000000d8680000)
  to   space 5120K, 0% used [0x00000000d8680000,0x00000000d8680000,0x00000000d8b80000)
 ParOldGen       total 49664K, used 16289K [0x0000000082400000, 0x0000000085480000, 0x00000000d6180000)
  object space 49664K, 32% used [0x0000000082400000,0x00000000833e86d8,0x0000000085480000)
 Metaspace       used 30783K, capacity 32429K, committed 32560K, reserved 1077248K
  class space    used 4291K, capacity 4654K, committed 4656K, reserved 1048576K
GC Heap History (8 events):
Event: 18.561 GC heap before
{Heap before GC invocations=1 (full 0):
 PSYoungGen      total 37888K, used 32768K [0x00000000d6180000, 0x00000000d8b80000, 0x0000000100000000)
  eden space 32768K, 100% used [0x00000000d6180000,0x00000000d8180000,0x00000000d8180000)
  from space 5120K, 0% used [0x00000000d8680000,0x00000000d8680000,0x00000000d8b80000)
  to   space 5120K, 0% used [0x00000000d8180000,0x00000000d8180000,0x00000000d8680000)
 ParOldGen       total 86016K, used 0K [0x0000000082400000, 0x0000000087800000, 0x00000000d6180000)
  object space 86016K, 0% used [0x0000000082400000,0x0000000082400000,0x0000000087800000)
 Metaspace       used 15140K, capacity 15774K, committed 15872K, reserved 1062912K
  class space    used 2044K, capacity 2240K, committed 2304K, reserved 1048576K
Event: 18.567 GC heap after
Heap after GC invocations=1 (full 0):
 PSYoungGen      total 37888K, used 5091K [0x00000000d6180000, 0x00000000d8b80000, 0x0000000100000000)
  eden space 32768K, 0% used [0x00000000d6180000,0x00000000d6180000,0x00000000d8180000)
  from space 5120K, 99% used [0x00000000d8180000,0x00000000d8678ef0,0x00000000d8680000)
  to   space 5120K, 0% used [0x00000000d8680000,0x00000000d8680000,0x00000000d8b80000)
 ParOldGen       total 86016K, used 792K [0x0000000082400000, 0x0000000087800000, 0x00000000d6180000)
  object space 86016K, 0% used [0x0000000082400000,0x00000000824c60a0,0x0000000087800000)
 Metaspace       used 15140K, capacity 15774K, committed 15872K, reserved 1062912K
  class space    used 2044K, capacity 2240K, committed 2304K, reserved 1048576K
}
Event: 19.030 GC heap before
{Heap before GC invocations=2 (full 0):
 PSYoungGen      total 37888K, used 23082K [0x00000000d6180000, 0x00000000d8b80000, 0x0000000100000000)
  eden space 32768K, 54% used [0x00000000d6180000,0x00000000d7311a48,0x00000000d8180000)
  from space 5120K, 99% used [0x00000000d8180000,0x00000000d8678ef0,0x00000000d8680000)
  to   space 5120K, 0% used [0x00000000d8680000,0x00000000d8680000,0x00000000d8b80000)
 ParOldGen       total 86016K, used 792K [0x0000000082400000, 0x0000000087800000, 0x00000000d6180000)
  object space 86016K, 0% used [0x0000000082400000,0x00000000824c60a0,0x0000000087800000)
 Metaspace       used 20378K, capacity 21271K, committed 21296K, reserved 1067008K
  class space    used 2855K, capacity 3095K, committed 3120K, reserved 1048576K
Event: 19.035 GC heap after
Heap after GC invocations=2 (full 0):
 PSYoungGen      total 37888K, used 5091K [0x00000000d6180000, 0x00000000d8b80000, 0x0000000100000000)
  eden space 32768K, 0% used [0x00000000d6180000,0x00000000d6180000,0x00000000d8180000)
  from space 5120K, 99% used [0x00000000d8680000,0x00000000d8b78ef0,0x00000000d8b80000)
  to   space 5120K, 0% used [0x00000000d8180000,0x00000000d8180000,0x00000000d8680000)
 ParOldGen       total 86016K, used 5748K [0x0000000082400000, 0x0000000087800000, 0x00000000d6180000)
  object space 86016K, 6% used [0x0000000082400000,0x000000008299d270,0x0000000087800000)
 Metaspace       used 20378K, capacity 21271K, committed 21296K, reserved 1067008K
  class space    used 2855K, capacity 3095K, committed 3120K, reserved 1048576K
}
Event: 19.035 GC heap before
{Heap before GC invocations=3 (full 1):
 PSYoungGen      total 37888K, used 5091K [0x00000000d6180000, 0x00000000d8b80000, 0x0000000100000000)
  eden space 32768K, 0% used [0x00000000d6180000,0x00000000d6180000,0x00000000d8180000)
  from space 5120K, 99% used [0x00000000d8680000,0x00000000d8b78ef0,0x00000000d8b80000)
  to   space 5120K, 0% used [0x00000000d8180000,0x00000000d8180000,0x00000000d8680000)
 ParOldGen       total 86016K, used 5748K [0x0000000082400000, 0x0000000087800000, 0x00000000d6180000)
  object space 86016K, 6% used [0x0000000082400000,0x000000008299d270,0x0000000087800000)
 Metaspace       used 20378K, capacity 21271K, committed 21296K, reserved 1067008K
  class space    used 2855K, capacity 3095K, committed 3120K, reserved 1048576K
Event: 19.074 GC heap after
Heap after GC invocations=3 (full 1):
 PSYoungGen      total 37888K, used 0K [0x00000000d6180000, 0x00000000d8b80000, 0x0000000100000000)
  eden space 32768K, 0% used [0x00000000d6180000,0x00000000d6180000,0x00000000d8180000)
  from space 5120K, 0% used [0x00000000d8680000,0x00000000d8680000,0x00000000d8b80000)
  to   space 5120K, 0% used [0x00000000d8180000,0x00000000d8180000,0x00000000d8680000)
 ParOldGen       total 49664K, used 10489K [0x0000000082400000, 0x0000000085480000, 0x00000000d6180000)
  object space 49664K, 21% used [0x0000000082400000,0x0000000082e3e7f0,0x0000000085480000)
 Metaspace       used 20378K, capacity 21271K, committed 21296K, reserved 1067008K
  class space    used 2855K, capacity 3095K, committed 3120K, reserved 1048576K
}
Event: 32.783 GC heap before
{Heap before GC invocations=4 (full 1):
 PSYoungGen      total 37888K, used 32768K [0x00000000d6180000, 0x00000000d8b80000, 0x0000000100000000)
  eden space 32768K, 100% used [0x00000000d6180000,0x00000000d8180000,0x00000000d8180000)
  from space 5120K, 0% used [0x00000000d8680000,0x00000000d8680000,0x00000000d8b80000)
  to   space 5120K, 0% used [0x00000000d8180000,0x00000000d8180000,0x00000000d8680000)
 ParOldGen       total 49664K, used 10489K [0x0000000082400000, 0x0000000085480000, 0x00000000d6180000)
  object space 49664K, 21% used [0x0000000082400000,0x0000000082e3e7f0,0x0000000085480000)
 Metaspace       used 25307K, capacity 26707K, committed 26928K, reserved 1073152K
  class space    used 3474K, capacity 3771K, committed 3888K, reserved 1048576K
Event: 32.787 GC heap after
Heap after GC invocations=4 (full 1):
 PSYoungGen      total 37888K, used 5105K [0x00000000d6180000, 0x00000000d8b80000, 0x0000000100000000)
  eden space 32768K, 0% used [0x00000000d6180000,0x00000000d6180000,0x00000000d8180000)
  from space 5120K, 99% used [0x00000000d8180000,0x00000000d867c540,0x00000000d8680000)
  to   space 5120K, 0% used [0x00000000d8680000,0x00000000d8680000,0x00000000d8b80000)
 ParOldGen       total 49664K, used 16289K [0x0000000082400000, 0x0000000085480000, 0x00000000d6180000)
  object space 49664K, 32% used [0x0000000082400000,0x00000000833e86d8,0x0000000085480000)
 Metaspace       used 25307K, capacity 26707K, committed 26928K, reserved 1073152K
  class space    used 3474K, capacity 3771K, committed 3888K, reserved 1048576K
}

